\BOOKMARK [0][-]{section*.2}{\376\377\000D\000E\000D\000I\000C\000A\000T\000O\000R\000I\000A}{}% 1
\BOOKMARK [0][-]{section*.4}{\376\377\000A\000G\000R\000A\000D\000E\000C\000I\000M\000I\000E\000N\000T\000O\000S}{}% 2
\BOOKMARK [0][-]{section*.6}{\376\377\000R\000E\000S\000U\000M\000E\000N}{}% 3
\BOOKMARK [0][-]{section*.8}{\376\377\000A\000B\000S\000T\000R\000A\000C\000T}{}% 4
\BOOKMARK [0][-]{section*.10}{\376\377\000P\000R\000\323\000L\000O\000G\000O}{}% 5
\BOOKMARK [0][-]{section*.12}{\376\377\000\315\000N\000D\000I\000C\000E}{}% 6
\BOOKMARK [0][-]{section*.13}{\376\377\000L\000I\000S\000T\000A\000\040\000D\000E\000\040\000T\000A\000B\000L\000A\000S}{}% 7
\BOOKMARK [0][-]{section*.14}{\376\377\000L\000I\000S\000T\000A\000\040\000D\000E\000\040\000F\000I\000G\000U\000R\000A\000S}{}% 8
\BOOKMARK [0][-]{section*.15}{\376\377\000L\000I\000S\000T\000A\000\040\000D\000E\000\040\000S\000\315\000M\000B\000O\000L\000O\000S\000\040\000Y\000\040\000S\000I\000G\000L\000A\000S}{}% 9
\BOOKMARK [0][-]{chapter.1}{\376\377\000I\000N\000T\000R\000O\000D\000U\000C\000C\000I\000\323\000N}{}% 10
\BOOKMARK [1][-]{section.1.1}{\376\377\000G\000E\000N\000E\000R\000A\000L\000I\000D\000A\000D\000E\000S}{chapter.1}% 11
\BOOKMARK [1][-]{section.1.2}{\376\377\000R\000E\000A\000L\000I\000D\000A\000D\000\040\000P\000R\000O\000B\000L\000E\000M\000\301\000T\000I\000C\000A}{chapter.1}% 12
\BOOKMARK [1][-]{section.1.3}{\376\377\000F\000O\000R\000M\000U\000L\000A\000C\000I\000\323\000N\000\040\000D\000E\000L\000\040\000P\000R\000O\000B\000L\000E\000M\000A}{chapter.1}% 13
\BOOKMARK [2][-]{subsection.1.3.1}{\376\377\000P\000r\000o\000b\000l\000e\000m\000a\000\040\000p\000r\000i\000n\000c\000i\000p\000a\000l}{section.1.3}% 14
\BOOKMARK [2][-]{subsection.1.3.2}{\376\377\000S\000u\000b\000p\000r\000o\000b\000l\000e\000m\000a\000s}{section.1.3}% 15
\BOOKMARK [1][-]{section.1.4}{\376\377\000J\000U\000S\000T\000I\000F\000I\000C\000A\000C\000I\000\323\000N\000\040\000D\000E\000L\000\040\000E\000S\000T\000U\000D\000I\000O}{chapter.1}% 16
\BOOKMARK [2][-]{subsection.1.4.1}{\376\377\000J\000u\000s\000t\000i\000f\000i\000c\000a\000c\000i\000\363\000n\000\040\000p\000r\000\341\000c\000t\000i\000c\000a}{section.1.4}% 17
\BOOKMARK [2][-]{subsection.1.4.2}{\376\377\000J\000u\000s\000t\000i\000f\000i\000c\000a\000c\000i\000\363\000n\000\040\000a\000c\000a\000d\000\351\000m\000i\000c\000a}{section.1.4}% 18
\BOOKMARK [1][-]{section.1.5}{\376\377\000H\000I\000P\000\323\000T\000E\000S\000I\000S}{chapter.1}% 19
\BOOKMARK [2][-]{subsection.1.5.1}{\376\377\000H\000i\000p\000\363\000t\000e\000s\000i\000s\000\040\000g\000e\000n\000e\000r\000a\000l}{section.1.5}% 20
\BOOKMARK [2][-]{subsection.1.5.2}{\376\377\000H\000i\000p\000\363\000t\000e\000s\000i\000s\000\040\000e\000s\000p\000e\000c\000\355\000f\000i\000c\000a\000s}{section.1.5}% 21
\BOOKMARK [1][-]{section.1.6}{\376\377\000O\000B\000J\000E\000T\000I\000V\000O\000S}{chapter.1}% 22
\BOOKMARK [2][-]{subsection.1.6.1}{\376\377\000O\000b\000j\000e\000t\000i\000v\000o\000\040\000g\000e\000n\000e\000r\000a\000l}{section.1.6}% 23
\BOOKMARK [2][-]{subsection.1.6.2}{\376\377\000O\000b\000j\000e\000t\000i\000v\000o\000s\000\040\000e\000s\000p\000e\000c\000\355\000f\000i\000c\000o\000s}{section.1.6}% 24
\BOOKMARK [1][-]{section.1.7}{\376\377\000L\000I\000M\000I\000T\000A\000N\000T\000E\000S\000\040\000D\000E\000\040\000L\000A\000\040\000I\000N\000V\000E\000S\000T\000I\000G\000A\000C\000I\000\323\000N}{chapter.1}% 25
\BOOKMARK [2][-]{subsection.1.7.1}{\376\377\000L\000i\000m\000i\000t\000a\000n\000t\000e\000s\000\040\000t\000e\000\363\000r\000i\000c\000o\000s}{section.1.7}% 26
\BOOKMARK [2][-]{subsection.1.7.2}{\376\377\000L\000i\000m\000i\000t\000a\000n\000t\000e\000s\000\040\000t\000e\000m\000p\000o\000r\000a\000l\000e\000s}{section.1.7}% 27
\BOOKMARK [2][-]{subsection.1.7.3}{\376\377\000L\000i\000m\000i\000t\000a\000n\000t\000e\000s\000\040\000e\000s\000p\000a\000c\000i\000a\000l\000e\000s}{section.1.7}% 28
\BOOKMARK [0][-]{chapter.2}{\376\377\000F\000U\000N\000D\000A\000M\000E\000N\000T\000O\000\040\000T\000E\000\323\000R\000I\000C\000O}{}% 29
\BOOKMARK [1][-]{section.2.1}{\376\377\000A\000N\000T\000E\000C\000E\000D\000E\000N\000T\000E\000S\000\040\000D\000E\000\040\000I\000N\000V\000E\000S\000T\000I\000G\000A\000C\000I\000\323\000N}{chapter.2}% 30
\BOOKMARK [2][-]{subsection.2.1.1}{\376\377\000R\000e\000v\000i\000s\000i\000\363\000n\000\040\000d\000e\000\040\000m\000\351\000t\000o\000d\000o\000s}{section.2.1}% 31
\BOOKMARK [2][-]{subsection.2.1.2}{\376\377\000E\000v\000a\000l\000u\000a\000c\000i\000\363\000n\000\040\000c\000o\000m\000p\000a\000r\000a\000t\000i\000v\000a}{section.2.1}% 32
\BOOKMARK [2][-]{subsection.2.1.3}{\376\377\000U\000s\000o\000s\000\040\000a\000l\000t\000e\000r\000n\000a\000t\000i\000v\000o\000s\000\040\000o\000\040\000a\000p\000l\000i\000c\000a\000c\000i\000o\000n\000e\000s\000\040\000v\000a\000r\000i\000a\000s}{section.2.1}% 33
\BOOKMARK [2][-]{subsection.2.1.4}{\376\377\000S\000o\000f\000t\000w\000a\000r\000e\000\040\000o\000\040\000s\000i\000s\000t\000e\000m\000a\000s\000\040\000e\000x\000i\000s\000t\000e\000n\000t\000e\000s}{section.2.1}% 34
\BOOKMARK [1][-]{section.2.2}{\376\377\000B\000A\000S\000E\000S\000\040\000T\000E\000\323\000R\000I\000C\000A\000S}{chapter.2}% 35
\BOOKMARK [2][-]{subsection.2.2.1}{\376\377\000V\000a\000r\000i\000a\000b\000l\000e\000\040\000d\000e\000p\000e\000n\000d\000i\000e\000n\000t\000e\000:\000\040\000N\000o\000m\000b\000r\000e\000\040\000d\000e\000\040\000l\000a\000\040\000V\000D}{section.2.2}% 36
\BOOKMARK [2][-]{subsection.2.2.2}{\376\377\000V\000a\000r\000i\000a\000b\000l\000e\000\040\000i\000n\000d\000e\000p\000e\000n\000d\000i\000e\000n\000t\000e\000:\000\040\000N\000o\000m\000b\000r\000e\000\040\000d\000e\000\040\000l\000a\000\040\000V\000I}{section.2.2}% 37
\BOOKMARK [0][-]{chapter.3}{\376\377\000M\000\311\000T\000O\000D\000O\000\040\000D\000E\000\040\000L\000A\000\040\000I\000N\000V\000E\000S\000T\000I\000G\000A\000C\000I\000\323\000N}{}% 38
\BOOKMARK [1][-]{section.3.1}{\376\377\000T\000I\000P\000O\000,\000\040\000N\000I\000V\000E\000L\000\040\000Y\000\040\000D\000I\000S\000E\000\321\000O\000\040\000D\000E\000\040\000L\000A\000\040\000I\000N\000V\000E\000S\000T\000I\000G\000A\000C\000I\000\323\000N}{chapter.3}% 39
\BOOKMARK [2][-]{subsection.3.1.1}{\376\377\000T\000i\000p\000o\000\040\000d\000e\000\040\000l\000a\000\040\000i\000n\000v\000e\000s\000t\000i\000g\000a\000c\000i\000\363\000n}{section.3.1}% 40
\BOOKMARK [2][-]{subsection.3.1.2}{\376\377\000N\000i\000v\000e\000l\000\040\000d\000e\000\040\000l\000a\000\040\000i\000n\000v\000e\000s\000t\000i\000g\000a\000c\000i\000\363\000n}{section.3.1}% 41
\BOOKMARK [2][-]{subsection.3.1.3}{\376\377\000D\000i\000s\000e\000\361\000o\000\040\000d\000e\000\040\000l\000a\000\040\000i\000n\000v\000e\000s\000t\000i\000g\000a\000c\000i\000\363\000n}{section.3.1}% 42
\BOOKMARK [1][-]{section.3.2}{\376\377\000V\000A\000R\000I\000A\000B\000L\000E\000S\000\040\000Y\000\040\000O\000P\000E\000R\000A\000C\000I\000O\000N\000A\000L\000I\000Z\000A\000C\000I\000\323\000N}{chapter.3}% 43
\BOOKMARK [2][-]{subsection.3.2.1}{\376\377\000V\000a\000r\000i\000a\000b\000l\000e\000s}{section.3.2}% 44
\BOOKMARK [2][-]{subsection.3.2.2}{\376\377\000O\000p\000e\000r\000a\000c\000i\000o\000n\000a\000l\000i\000z\000a\000c\000i\000\363\000n\000\040\000d\000e\000\040\000v\000a\000r\000i\000a\000b\000l\000e\000s}{section.3.2}% 45
\BOOKMARK [1][-]{section.3.3}{\376\377\000P\000O\000B\000L\000A\000C\000I\000\323\000N\000\040\000Y\000\040\000M\000U\000E\000S\000T\000R\000A}{chapter.3}% 46
\BOOKMARK [2][-]{subsection.3.3.1}{\376\377\000P\000o\000b\000l\000a\000c\000i\000\363\000n}{section.3.3}% 47
\BOOKMARK [2][-]{subsection.3.3.2}{\376\377\000M\000u\000e\000s\000t\000r\000a}{section.3.3}% 48
\BOOKMARK [1][-]{section.3.4}{\376\377\000T\000\311\000C\000N\000I\000C\000A\000S\000\040\000E\000\040\000I\000N\000S\000T\000R\000U\000M\000E\000N\000T\000O\000S\000\040\000D\000E\000\040\000R\000E\000C\000O\000L\000E\000C\000C\000I\000\323\000N\000\040\000D\000E\000\040\000D\000A\000T\000O\000S\000,\000\040\000V\000A\000L\000I\000D\000E\000Z\000\040\000Y\000\040\000C\000O\000N\000F\000I\000A\000B\000I\000L\000I\000D\000A\000D}{chapter.3}% 49
\BOOKMARK [2][-]{subsection.3.4.1}{\376\377\000T\000\351\000c\000n\000i\000c\000a\000s}{section.3.4}% 50
\BOOKMARK [2][-]{subsection.3.4.2}{\376\377\000H\000e\000r\000r\000a\000m\000i\000e\000n\000t\000a\000s}{section.3.4}% 51
\BOOKMARK [1][-]{section.3.5}{\376\377\000M\000\311\000T\000O\000D\000O\000S\000\040\000D\000E\000\040\000A\000N\000\301\000L\000I\000S\000I\000S\000\040\000D\000E\000\040\000D\000A\000T\000O\000S}{chapter.3}% 52
\BOOKMARK [2][-]{subsection.3.5.1}{\376\377\000P\000r\000u\000e\000b\000a\000\040\000d\000e\000\040\000h\000i\000p\000\363\000t\000e\000s\000i\000s}{section.3.5}% 53
\BOOKMARK [1][-]{section.3.6}{\376\377\000A\000S\000P\000E\000C\000T\000O\000S\000\040\000L\000E\000G\000A\000L\000E\000S\000\040\000Y\000\040\000\311\000T\000I\000C\000O\000S}{chapter.3}% 54
\BOOKMARK [0][-]{chapter.4}{\376\377\000D\000E\000S\000A\000R\000R\000O\000L\000L\000O\000\040\000D\000E\000\040\000L\000A\000\040\000S\000O\000L\000U\000C\000I\000\323\000N}{}% 55
\BOOKMARK [1][-]{section.4.1}{\376\377\000M\000E\000T\000O\000D\000O\000L\000O\000G\000\315\000A\000\040\000D\000E\000\040\000D\000E\000S\000A\000R\000R\000O\000L\000L\000O\000\040\000D\000E\000\040\000L\000A\000\040\000S\000O\000L\000U\000C\000I\000\323\000N}{chapter.4}% 56
\BOOKMARK [2][-]{subsection.4.1.1}{\376\377\000P\000a\000s\000o\000\040\0001}{section.4.1}% 57
\BOOKMARK [2][-]{subsection.4.1.2}{\376\377\000P\000a\000s\000o\000\040\0002}{section.4.1}% 58
\BOOKMARK [2][-]{subsection.4.1.3}{\376\377\000P\000a\000s\000o\000\040\0003}{section.4.1}% 59
\BOOKMARK [1][-]{section.4.2}{\376\377\000A\000P\000L\000I\000C\000A\000C\000I\000\323\000N\000\040\000D\000E\000\040\000L\000A\000\040\000M\000E\000T\000O\000D\000O\000L\000O\000G\000\315\000A}{chapter.4}% 60
\BOOKMARK [2][-]{subsection.4.2.1}{\376\377\000P\000a\000s\000o\000\040\0001}{section.4.2}% 61
\BOOKMARK [2][-]{subsection.4.2.2}{\376\377\000P\000a\000s\000o\000\040\0002}{section.4.2}% 62
\BOOKMARK [2][-]{subsection.4.2.3}{\376\377\000P\000a\000s\000o\000\040\0003}{section.4.2}% 63
\BOOKMARK [0][-]{chapter.5}{\376\377\000R\000E\000S\000U\000L\000T\000A\000D\000O\000S}{}% 64
\BOOKMARK [1][-]{section.5.1}{\376\377\000R\000E\000S\000U\000L\000T\000A\000D\000O\000S\000\040\000D\000E\000S\000C\000R\000I\000P\000T\000I\000V\000O\000S}{chapter.5}% 65
\BOOKMARK [2][-]{subsection.5.1.1}{\376\377\000M\000e\000d\000i\000d\000a\000s\000\040\000d\000e\000s\000c\000r\000i\000p\000t\000i\000v\000a\000s}{section.5.1}% 66
\BOOKMARK [1][-]{section.5.2}{\376\377\000R\000E\000S\000U\000L\000T\000A\000D\000O\000S\000\040\000I\000N\000F\000E\000R\000E\000N\000C\000I\000A\000L\000E\000S}{chapter.5}% 67
\BOOKMARK [2][-]{subsection.5.2.1}{\376\377\000P\000r\000u\000e\000b\000a\000\040\000d\000e\000\040\000n\000o\000r\000m\000a\000l\000i\000d\000a\000d}{section.5.2}% 68
\BOOKMARK [2][-]{subsection.5.2.2}{\376\377\000P\000r\000u\000e\000b\000a\000\040\000d\000e\000\040\000h\000i\000p\000\363\000t\000e\000s\000i\000s}{section.5.2}% 69
\BOOKMARK [0][-]{chapter.6}{\376\377\000D\000I\000S\000C\000U\000S\000I\000\323\000N\000\040\000D\000E\000\040\000L\000O\000S\000\040\000R\000E\000S\000U\000L\000T\000A\000D\000O\000S}{}% 70
\BOOKMARK [1][-]{section.6.1}{\376\377\000C\000O\000N\000T\000R\000A\000S\000T\000A\000C\000I\000\323\000N\000\040\000D\000E\000\040\000L\000A\000\040\000H\000I\000P\000\323\000T\000E\000S\000I\000S}{chapter.6}% 71
\BOOKMARK [1][-]{section.6.2}{\376\377\000C\000O\000N\000T\000R\000A\000S\000T\000A\000C\000I\000\323\000N\000\040\000D\000E\000\040\000L\000A\000\040\000H\000I\000P\000\323\000T\000E\000S\000I\000S\000\040\000C\000O\000N\000\040\000R\000E\000S\000U\000L\000T\000A\000D\000O\000S\000\040\000S\000I\000M\000I\000L\000A\000R\000E\000S}{chapter.6}% 72
\BOOKMARK [0][-]{section*.22}{\376\377\000C\000O\000N\000C\000L\000U\000S\000I\000O\000N\000E\000S}{}% 73
\BOOKMARK [0][-]{section*.24}{\376\377\000R\000E\000C\000O\000M\000E\000N\000D\000A\000C\000I\000O\000N\000E\000S}{}% 74
\BOOKMARK [0][-]{section*.26}{\376\377\000R\000E\000F\000E\000R\000E\000N\000C\000I\000A\000S\000\040\000B\000I\000B\000L\000I\000O\000G\000R\000\301\000F\000I\000C\000A\000S}{}% 75
\BOOKMARK [0][-]{section*.28}{\376\377\000A\000N\000E\000X\000O\000S}{}% 76
\BOOKMARK [1][-]{section*.29}{\376\377\000A\000N\000E\000X\000O\000\040\000A\000:\000\040\000M\000a\000t\000r\000i\000z\000\040\000d\000e\000\040\000c\000o\000n\000s\000i\000s\000t\000e\000n\000c\000i\000a}{section*.28}% 77
\BOOKMARK [1][-]{section*.31}{\376\377\000A\000N\000E\000X\000O\000\040\000B\000:\000\040\000C\000r\000o\000n\000o\000g\000r\000a\000m\000a}{section*.28}% 78
\BOOKMARK [1][-]{section*.33}{\376\377\000A\000N\000E\000X\000O\000\040\000C\000:\000\040\000C\000o\000n\000s\000t\000a\000n\000c\000i\000a\000\040\000e\000m\000i\000t\000i\000d\000a\000\040\000p\000o\000r\000\040\000l\000a\000\040\000e\000m\000p\000r\000e\000s\000a}{section*.28}% 79
